<?xml version="1.0" encoding="UTF-8"?>
<!-- Generated by org.testng.reporters.JUnitXMLReporter -->
<testsuite ignored="0" hostname="MBP-Jenia-4.localdomain" failures="0" tests="6" name="Surefire test" time="0.411" errors="0" timestamp="26 апр. 2021 06:37:20 GMT">
  <testcase classname="qaclickacademy.AppiumTest" name="IOSApps" time="0.122"/>
  <testcase classname="qaclickacademy.AppiumTest" name="NativeAPpAndroid" time="0.002"/>
  <testcase classname="qaclickacademy.SeleniumTest" name="BrowserAUtomation" time="0.003"/>
  <testcase classname="qaclickacademy.SeleniumTest" name="elementsUi" time="0.002"/>
  <testcase classname="qaclickacademy.RESTAPITest" name="deleteTwitter" time="0.002"/>
  <testcase classname="qaclickacademy.RESTAPITest" name="postJira" time="0.004"/>
</testsuite> <!-- Surefire test -->
