<?xml version="1.0" encoding="UTF-8"?>
<testng-results ignored="0" total="6" passed="6" failed="0" skipped="0">
  <reporter-output>
  </reporter-output>
  <suite started-at="2021-04-20T11:05:33Z" name="Command line suite" finished-at="2021-04-20T11:05:33Z" duration-ms="25">
    <groups>
    </groups>
    <test started-at="2021-04-20T11:05:33Z" name="Command line test" finished-at="2021-04-20T11:05:33Z" duration-ms="25">
      <class name="qaclickacademy.AppiumTest">
        <test-method signature="IOSApps()[pri:0, instance:qaclickacademy.AppiumTest@23e028a9]" started-at="2021-04-20T14:05:33Z" name="IOSApps" finished-at="2021-04-20T14:05:33Z" duration-ms="6" status="PASS">
          <reporter-output>
          </reporter-output>
        </test-method> <!-- IOSApps -->
        <test-method signature="NativeAPpAndroid()[pri:0, instance:qaclickacademy.AppiumTest@23e028a9]" started-at="2021-04-20T14:05:33Z" name="NativeAPpAndroid" finished-at="2021-04-20T14:05:33Z" duration-ms="0" status="PASS">
          <reporter-output>
          </reporter-output>
        </test-method> <!-- NativeAPpAndroid -->
      </class> <!-- qaclickacademy.AppiumTest -->
      <class name="qaclickacademy.RESTAPITest">
        <test-method signature="deleteTwitter()[pri:0, instance:qaclickacademy.RESTAPITest@5c5a1b69]" started-at="2021-04-20T14:05:33Z" name="deleteTwitter" finished-at="2021-04-20T14:05:33Z" duration-ms="1" status="PASS">
          <reporter-output>
          </reporter-output>
        </test-method> <!-- deleteTwitter -->
        <test-method signature="postJira()[pri:0, instance:qaclickacademy.RESTAPITest@5c5a1b69]" started-at="2021-04-20T14:05:33Z" name="postJira" finished-at="2021-04-20T14:05:33Z" duration-ms="0" status="PASS">
          <reporter-output>
          </reporter-output>
        </test-method> <!-- postJira -->
      </class> <!-- qaclickacademy.RESTAPITest -->
      <class name="qaclickacademy.SeleniumTest">
        <test-method signature="BrowserAUtomation()[pri:0, instance:qaclickacademy.SeleniumTest@43814d18]" started-at="2021-04-20T14:05:33Z" name="BrowserAUtomation" finished-at="2021-04-20T14:05:33Z" duration-ms="0" status="PASS">
          <reporter-output>
          </reporter-output>
        </test-method> <!-- BrowserAUtomation -->
        <test-method signature="elementsUi()[pri:0, instance:qaclickacademy.SeleniumTest@43814d18]" started-at="2021-04-20T14:05:33Z" name="elementsUi" finished-at="2021-04-20T14:05:33Z" duration-ms="0" status="PASS">
          <reporter-output>
          </reporter-output>
        </test-method> <!-- elementsUi -->
      </class> <!-- qaclickacademy.SeleniumTest -->
    </test> <!-- Command line test -->
  </suite> <!-- Command line suite -->
</testng-results>
