<?xml version="1.0" encoding="UTF-8"?>
<testng-results ignored="0" total="6" passed="6" failed="0" skipped="0">
  <reporter-output>
  </reporter-output>
  <suite started-at="2021-04-26T06:37:20Z" name="Surefire suite" finished-at="2021-04-26T06:37:20Z" duration-ms="411">
    <groups>
    </groups>
    <test started-at="2021-04-26T06:37:20Z" name="Surefire test" finished-at="2021-04-26T06:37:20Z" duration-ms="411">
      <class name="qaclickacademy.AppiumTest">
        <test-method signature="IOSApps()[pri:0, instance:qaclickacademy.AppiumTest@3153ddfc]" started-at="2021-04-26T06:37:20Z" name="IOSApps" finished-at="2021-04-26T06:37:20Z" duration-ms="122" status="PASS">
          <reporter-output>
          </reporter-output>
        </test-method> <!-- IOSApps -->
        <test-method signature="NativeAPpAndroid()[pri:0, instance:qaclickacademy.AppiumTest@3153ddfc]" started-at="2021-04-26T06:37:20Z" name="NativeAPpAndroid" finished-at="2021-04-26T06:37:20Z" duration-ms="2" status="PASS">
          <reporter-output>
          </reporter-output>
        </test-method> <!-- NativeAPpAndroid -->
      </class> <!-- qaclickacademy.AppiumTest -->
      <class name="qaclickacademy.RESTAPITest">
        <test-method signature="deleteTwitter()[pri:0, instance:qaclickacademy.RESTAPITest@28a2a3e7]" started-at="2021-04-26T06:37:20Z" name="deleteTwitter" finished-at="2021-04-26T06:37:20Z" duration-ms="2" status="PASS">
          <reporter-output>
          </reporter-output>
        </test-method> <!-- deleteTwitter -->
        <test-method signature="postJira()[pri:0, instance:qaclickacademy.RESTAPITest@28a2a3e7]" started-at="2021-04-26T06:37:20Z" name="postJira" finished-at="2021-04-26T06:37:20Z" duration-ms="4" status="PASS">
          <reporter-output>
          </reporter-output>
        </test-method> <!-- postJira -->
      </class> <!-- qaclickacademy.RESTAPITest -->
      <class name="qaclickacademy.SeleniumTest">
        <test-method signature="BrowserAUtomation()[pri:0, instance:qaclickacademy.SeleniumTest@60afd40d]" started-at="2021-04-26T06:37:20Z" name="BrowserAUtomation" finished-at="2021-04-26T06:37:20Z" duration-ms="3" status="PASS">
          <reporter-output>
          </reporter-output>
        </test-method> <!-- BrowserAUtomation -->
        <test-method signature="elementsUi()[pri:0, instance:qaclickacademy.SeleniumTest@60afd40d]" started-at="2021-04-26T06:37:20Z" name="elementsUi" finished-at="2021-04-26T06:37:20Z" duration-ms="2" status="PASS">
          <reporter-output>
          </reporter-output>
        </test-method> <!-- elementsUi -->
      </class> <!-- qaclickacademy.SeleniumTest -->
    </test> <!-- Surefire test -->
  </suite> <!-- Surefire suite -->
</testng-results>
